<?xml version="1.0" encoding="UTF-8"?>
<!-- Generated by org.testng.reporters.JUnitReportReporter -->
<testsuite hostname="DESKTOP-59HG6RV" failures="0" tests="3" name="resttesting.Trello" time="5.225" errors="0" timestamp="15 Mar 2022 07:27:47 GMT">
  <testcase classname="resttesting.Trello" name="DeleteBoard" time="0.963"/>
  <testcase classname="resttesting.Trello" name="createBoard" time="3.597"/>
  <testcase classname="resttesting.Trello" name="getBoard" time="0.665"/>
</testsuite> <!-- resttesting.Trello -->
