<?xml version="1.0" encoding="UTF-8"?>
<!-- Generated by org.testng.reporters.JUnitReportReporter -->
<testsuite hostname="DESKTOP-59HG6RV" failures="0" tests="2" name="resttesting.Ecommerce" time="13.416" errors="0" timestamp="2022-03-16T14:48:43 IST" skipped="0">
  <testcase classname="resttesting.Ecommerce" name="signup" time="9.290"/>
  <system-out/>
  <testcase classname="resttesting.Ecommerce" name="Login" time="4.126"/>
  <system-out/>
</testsuite> <!-- resttesting.Ecommerce -->
