<?xml version="1.0" encoding="UTF-8"?>
<!-- Generated by org.testng.reporters.JUnitReportReporter -->
<testsuite hostname="DESKTOP-59HG6RV" failures="0" tests="2" name="resttesting.resttesting" time="0.010" errors="0" timestamp="14 Mar 2022 14:47:43 GMT">
  <testcase classname="resttesting.resttesting" name="testcase1" time="0.008"/>
  <testcase classname="resttesting.resttesting" name="testcase2" time="0.002"/>
</testsuite> <!-- resttesting.resttesting -->
