<?xml version="1.0" encoding="UTF-8"?>
<!-- Generated by org.testng.reporters.JUnitReportReporter -->
<testsuite hostname="DESKTOP-59HG6RV" failures="0" tests="2" name="resttesting.Ecommerce" time="11.984" errors="0" timestamp="2022-03-16T09:58:56 IST" skipped="0">
  <testcase classname="resttesting.Ecommerce" name="signup" time="7.788"/>
  <system-out/>
  <testcase classname="resttesting.Ecommerce" name="Login" time="4.196"/>
  <system-out/>
</testsuite> <!-- resttesting.Ecommerce -->
