<?xml version="1.0" encoding="UTF-8"?>
<!-- Generated by org.testng.reporters.JUnitReportReporter -->
<testsuite hostname="DESKTOP-59HG6RV" failures="0" tests="3" name="resttesting.Trello" time="9.004" errors="0" timestamp="2022-03-16T14:46:41 IST" skipped="0">
  <testcase classname="resttesting.Trello" name="createBoard" time="5.416"/>
  <system-out/>
  <testcase classname="resttesting.Trello" name="getBoard" time="0.958"/>
  <system-out/>
  <testcase classname="resttesting.Trello" name="DeleteBoard" time="2.630"/>
  <system-out/>
</testsuite> <!-- resttesting.Trello -->
